<?xml version="1.0" encoding="UTF-8"?>
<testsuite xmlns:xsi="http://www.w3.org/2001/XMLSchema-instance" xsi:noNamespaceSchemaLocation="https://maven.apache.org/surefire/maven-surefire-plugin/xsd/surefire-test-report-3.0.xsd" version="3.0" name="TestSuite" time="6.37" tests="1" errors="0" skipped="0" failures="0">
  <properties>
    <property name="sun.desktop" value="windows"/>
    <property name="awt.toolkit" value="sun.awt.windows.WToolkit"/>
    <property name="java.specification.version" value="10"/>
    <property name="file.encoding.pkg" value="sun.io"/>
    <property name="sun.cpu.isalist" value="amd64"/>
    <property name="sun.jnu.encoding" value="Cp1252"/>
    <property name="java.class.path" value="C:\Users\srajput\eclipse-workspace\RestAssured_APITesting\target\test-classes;C:\Users\srajput\eclipse-workspace\RestAssured_APITesting\target\classes;C:\Users\srajput\.m2\repository\io\rest-assured\rest-assured\4.2.0\rest-assured-4.2.0.jar;C:\Users\srajput\.m2\repository\org\codehaus\groovy\groovy\2.5.8\groovy-2.5.8.jar;C:\Users\srajput\.m2\repository\org\codehaus\groovy\groovy-xml\2.5.8\groovy-xml-2.5.8.jar;C:\Users\srajput\.m2\repository\org\apache\httpcomponents\httpclient\4.5.3\httpclient-4.5.3.jar;C:\Users\srajput\.m2\repository\org\apache\httpcomponents\httpcore\4.4.6\httpcore-4.4.6.jar;C:\Users\srajput\.m2\repository\commons-logging\commons-logging\1.2\commons-logging-1.2.jar;C:\Users\srajput\.m2\repository\commons-codec\commons-codec\1.9\commons-codec-1.9.jar;C:\Users\srajput\.m2\repository\org\apache\httpcomponents\httpmime\4.5.3\httpmime-4.5.3.jar;C:\Users\srajput\.m2\repository\org\hamcrest\hamcrest\2.1\hamcrest-2.1.jar;C:\Users\srajput\.m2\repository\org\ccil\cowan\tagsoup\tagsoup\1.2.1\tagsoup-1.2.1.jar;C:\Users\srajput\.m2\repository\io\rest-assured\json-path\4.2.0\json-path-4.2.0.jar;C:\Users\srajput\.m2\repository\org\codehaus\groovy\groovy-json\2.5.8\groovy-json-2.5.8.jar;C:\Users\srajput\.m2\repository\io\rest-assured\rest-assured-common\4.2.0\rest-assured-common-4.2.0.jar;C:\Users\srajput\.m2\repository\io\rest-assured\xml-path\4.2.0\xml-path-4.2.0.jar;C:\Users\srajput\.m2\repository\org\apache\commons\commons-lang3\3.4\commons-lang3-3.4.jar;C:\Users\srajput\.m2\repository\jakarta\xml\bind\jakarta.xml.bind-api\2.3.2\jakarta.xml.bind-api-2.3.2.jar;C:\Users\srajput\.m2\repository\jakarta\activation\jakarta.activation-api\1.2.1\jakarta.activation-api-1.2.1.jar;C:\Users\srajput\.m2\repository\com\sun\xml\bind\jaxb-osgi\2.3.0.1\jaxb-osgi-2.3.0.1.jar;C:\Users\srajput\.m2\repository\org\apache\sling\org.apache.sling.javax.activation\0.1.0\org.apache.sling.javax.activation-0.1.0.jar;C:\Users\srajput\.m2\repository\log4j\log4j\1.2.17\log4j-1.2.17.jar;C:\Users\srajput\.m2\repository\com\aventstack\extentreports\3.1.5\extentreports-3.1.5.jar;C:\Users\srajput\.m2\repository\org\freemarker\freemarker\2.3.23\freemarker-2.3.23.jar;C:\Users\srajput\.m2\repository\org\mongodb\mongodb-driver\3.3.0\mongodb-driver-3.3.0.jar;C:\Users\srajput\.m2\repository\org\mongodb\bson\3.3.0\bson-3.3.0.jar;C:\Users\srajput\.m2\repository\org\mongodb\mongodb-driver-core\3.3.0\mongodb-driver-core-3.3.0.jar;C:\Users\srajput\.m2\repository\org\jsoup\jsoup\1.9.2\jsoup-1.9.2.jar;C:\Users\srajput\.m2\repository\com\google\code\gson\gson\2.8.0\gson-2.8.0.jar;C:\Users\srajput\.m2\repository\org\testng\testng\7.1.0\testng-7.1.0.jar;C:\Users\srajput\.m2\repository\com\beust\jcommander\1.72\jcommander-1.72.jar;C:\Users\srajput\.m2\repository\com\google\inject\guice\4.1.0\guice-4.1.0-no_aop.jar;C:\Users\srajput\.m2\repository\javax\inject\javax.inject\1\javax.inject-1.jar;C:\Users\srajput\.m2\repository\aopalliance\aopalliance\1.0\aopalliance-1.0.jar;C:\Users\srajput\.m2\repository\org\yaml\snakeyaml\1.21\snakeyaml-1.21.jar;C:\Users\srajput\.m2\repository\com\googlecode\json-simple\json-simple\1.1.1\json-simple-1.1.1.jar;C:\Users\srajput\.m2\repository\junit\junit\4.10\junit-4.10.jar;C:\Users\srajput\.m2\repository\org\hamcrest\hamcrest-core\1.1\hamcrest-core-1.1.jar;C:\Users\srajput\.m2\repository\com\google\api-client\google-api-client\1.30.8\google-api-client-1.30.8.jar;C:\Users\srajput\.m2\repository\com\google\http-client\google-http-client-jackson2\1.34.1\google-http-client-jackson2-1.34.1.jar;C:\Users\srajput\.m2\repository\com\fasterxml\jackson\core\jackson-core\2.10.2\jackson-core-2.10.2.jar;C:\Users\srajput\.m2\repository\androidx\annotation\annotation\1.1.0\annotation-1.1.0.jar;C:\Users\srajput\.m2\repository\com\google\guava\guava\28.2-jre\guava-28.2-jre.jar;C:\Users\srajput\.m2\repository\com\google\guava\failureaccess\1.0.1\failureaccess-1.0.1.jar;C:\Users\srajput\.m2\repository\com\google\guava\listenablefuture\9999.0-empty-to-avoid-conflict-with-guava\listenablefuture-9999.0-empty-to-avoid-conflict-with-guava.jar;C:\Users\srajput\.m2\repository\com\google\code\findbugs\jsr305\3.0.2\jsr305-3.0.2.jar;C:\Users\srajput\.m2\repository\org\checkerframework\checker-qual\2.10.0\checker-qual-2.10.0.jar;C:\Users\srajput\.m2\repository\com\google\errorprone\error_prone_annotations\2.3.4\error_prone_annotations-2.3.4.jar;C:\Users\srajput\.m2\repository\com\google\j2objc\j2objc-annotations\1.3\j2objc-annotations-1.3.jar;C:\Users\srajput\.m2\repository\com\google\oauth-client\google-oauth-client\1.30.5\google-oauth-client-1.30.5.jar;C:\Users\srajput\.m2\repository\com\google\http-client\google-http-client\1.34.0\google-http-client-1.34.0.jar;C:\Users\srajput\.m2\repository\io\opencensus\opencensus-api\0.24.0\opencensus-api-0.24.0.jar;C:\Users\srajput\.m2\repository\io\grpc\grpc-context\1.22.1\grpc-context-1.22.1.jar;C:\Users\srajput\.m2\repository\io\opencensus\opencensus-contrib-http-util\0.24.0\opencensus-contrib-http-util-0.24.0.jar;C:\Users\srajput\.m2\repository\com\google\apis\google-api-services-sheets\v4-rev608-1.25.0\google-api-services-sheets-v4-rev608-1.25.0.jar;C:\Users\srajput\.m2\repository\com\google\gdata\core\1.47.1\core-1.47.1.jar;C:\Users\srajput\.m2\repository\com\google\oauth-client\google-oauth-client-jetty\1.11.0-beta\google-oauth-client-jetty-1.11.0-beta.jar;C:\Users\srajput\.m2\repository\com\google\oauth-client\google-oauth-client-java6\1.11.0-beta\google-oauth-client-java6-1.11.0-beta.jar;C:\Users\srajput\.m2\repository\org\mortbay\jetty\jetty\6.1.26\jetty-6.1.26.jar;C:\Users\srajput\.m2\repository\org\mortbay\jetty\jetty-util\6.1.26\jetty-util-6.1.26.jar;C:\Users\srajput\.m2\repository\org\mortbay\jetty\servlet-api\2.5-20081211\servlet-api-2.5-20081211.jar;C:\Users\srajput\.m2\repository\javax\mail\mail\1.4\mail-1.4.jar;C:\Users\srajput\.m2\repository\javax\activation\activation\1.1\activation-1.1.jar;"/>
    <property name="java.vm.vendor" value="&quot;Oracle Corporation&quot;"/>
    <property name="sun.arch.data.model" value="64"/>
    <property name="user.variant" value=""/>
    <property name="java.vendor.url" value="http://java.oracle.com/"/>
    <property name="user.timezone" value="Asia/Calcutta"/>
    <property name="java.vm.specification.version" value="10"/>
    <property name="os.name" value="Windows 10"/>
    <property name="sun.java.launcher" value="SUN_STANDARD"/>
    <property name="user.country" value="US"/>
    <property name="sun.boot.library.path" value="C:\Program Files\Java\jdk-10.0.2\bin"/>
    <property name="sun.java.command" value="C:\Users\srajput\AppData\Local\Temp\surefire2544503197633347305\surefirebooter12936910361242101294.jar C:\Users\srajput\AppData\Local\Temp\surefire2544503197633347305 2020-03-06T17-36-38_001-jvmRun1 surefire15070835388846307551tmp surefire_011246981692650680700tmp"/>
    <property name="jdk.debug" value="release"/>
    <property name="surefire.test.class.path" value="C:\Users\srajput\eclipse-workspace\RestAssured_APITesting\target\test-classes;C:\Users\srajput\eclipse-workspace\RestAssured_APITesting\target\classes;C:\Users\srajput\.m2\repository\io\rest-assured\rest-assured\4.2.0\rest-assured-4.2.0.jar;C:\Users\srajput\.m2\repository\org\codehaus\groovy\groovy\2.5.8\groovy-2.5.8.jar;C:\Users\srajput\.m2\repository\org\codehaus\groovy\groovy-xml\2.5.8\groovy-xml-2.5.8.jar;C:\Users\srajput\.m2\repository\org\apache\httpcomponents\httpclient\4.5.3\httpclient-4.5.3.jar;C:\Users\srajput\.m2\repository\org\apache\httpcomponents\httpcore\4.4.6\httpcore-4.4.6.jar;C:\Users\srajput\.m2\repository\commons-logging\commons-logging\1.2\commons-logging-1.2.jar;C:\Users\srajput\.m2\repository\commons-codec\commons-codec\1.9\commons-codec-1.9.jar;C:\Users\srajput\.m2\repository\org\apache\httpcomponents\httpmime\4.5.3\httpmime-4.5.3.jar;C:\Users\srajput\.m2\repository\org\hamcrest\hamcrest\2.1\hamcrest-2.1.jar;C:\Users\srajput\.m2\repository\org\ccil\cowan\tagsoup\tagsoup\1.2.1\tagsoup-1.2.1.jar;C:\Users\srajput\.m2\repository\io\rest-assured\json-path\4.2.0\json-path-4.2.0.jar;C:\Users\srajput\.m2\repository\org\codehaus\groovy\groovy-json\2.5.8\groovy-json-2.5.8.jar;C:\Users\srajput\.m2\repository\io\rest-assured\rest-assured-common\4.2.0\rest-assured-common-4.2.0.jar;C:\Users\srajput\.m2\repository\io\rest-assured\xml-path\4.2.0\xml-path-4.2.0.jar;C:\Users\srajput\.m2\repository\org\apache\commons\commons-lang3\3.4\commons-lang3-3.4.jar;C:\Users\srajput\.m2\repository\jakarta\xml\bind\jakarta.xml.bind-api\2.3.2\jakarta.xml.bind-api-2.3.2.jar;C:\Users\srajput\.m2\repository\jakarta\activation\jakarta.activation-api\1.2.1\jakarta.activation-api-1.2.1.jar;C:\Users\srajput\.m2\repository\com\sun\xml\bind\jaxb-osgi\2.3.0.1\jaxb-osgi-2.3.0.1.jar;C:\Users\srajput\.m2\repository\org\apache\sling\org.apache.sling.javax.activation\0.1.0\org.apache.sling.javax.activation-0.1.0.jar;C:\Users\srajput\.m2\repository\log4j\log4j\1.2.17\log4j-1.2.17.jar;C:\Users\srajput\.m2\repository\com\aventstack\extentreports\3.1.5\extentreports-3.1.5.jar;C:\Users\srajput\.m2\repository\org\freemarker\freemarker\2.3.23\freemarker-2.3.23.jar;C:\Users\srajput\.m2\repository\org\mongodb\mongodb-driver\3.3.0\mongodb-driver-3.3.0.jar;C:\Users\srajput\.m2\repository\org\mongodb\bson\3.3.0\bson-3.3.0.jar;C:\Users\srajput\.m2\repository\org\mongodb\mongodb-driver-core\3.3.0\mongodb-driver-core-3.3.0.jar;C:\Users\srajput\.m2\repository\org\jsoup\jsoup\1.9.2\jsoup-1.9.2.jar;C:\Users\srajput\.m2\repository\com\google\code\gson\gson\2.8.0\gson-2.8.0.jar;C:\Users\srajput\.m2\repository\org\testng\testng\7.1.0\testng-7.1.0.jar;C:\Users\srajput\.m2\repository\com\beust\jcommander\1.72\jcommander-1.72.jar;C:\Users\srajput\.m2\repository\com\google\inject\guice\4.1.0\guice-4.1.0-no_aop.jar;C:\Users\srajput\.m2\repository\javax\inject\javax.inject\1\javax.inject-1.jar;C:\Users\srajput\.m2\repository\aopalliance\aopalliance\1.0\aopalliance-1.0.jar;C:\Users\srajput\.m2\repository\org\yaml\snakeyaml\1.21\snakeyaml-1.21.jar;C:\Users\srajput\.m2\repository\com\googlecode\json-simple\json-simple\1.1.1\json-simple-1.1.1.jar;C:\Users\srajput\.m2\repository\junit\junit\4.10\junit-4.10.jar;C:\Users\srajput\.m2\repository\org\hamcrest\hamcrest-core\1.1\hamcrest-core-1.1.jar;C:\Users\srajput\.m2\repository\com\google\api-client\google-api-client\1.30.8\google-api-client-1.30.8.jar;C:\Users\srajput\.m2\repository\com\google\http-client\google-http-client-jackson2\1.34.1\google-http-client-jackson2-1.34.1.jar;C:\Users\srajput\.m2\repository\com\fasterxml\jackson\core\jackson-core\2.10.2\jackson-core-2.10.2.jar;C:\Users\srajput\.m2\repository\androidx\annotation\annotation\1.1.0\annotation-1.1.0.jar;C:\Users\srajput\.m2\repository\com\google\guava\guava\28.2-jre\guava-28.2-jre.jar;C:\Users\srajput\.m2\repository\com\google\guava\failureaccess\1.0.1\failureaccess-1.0.1.jar;C:\Users\srajput\.m2\repository\com\google\guava\listenablefuture\9999.0-empty-to-avoid-conflict-with-guava\listenablefuture-9999.0-empty-to-avoid-conflict-with-guava.jar;C:\Users\srajput\.m2\repository\com\google\code\findbugs\jsr305\3.0.2\jsr305-3.0.2.jar;C:\Users\srajput\.m2\repository\org\checkerframework\checker-qual\2.10.0\checker-qual-2.10.0.jar;C:\Users\srajput\.m2\repository\com\google\errorprone\error_prone_annotations\2.3.4\error_prone_annotations-2.3.4.jar;C:\Users\srajput\.m2\repository\com\google\j2objc\j2objc-annotations\1.3\j2objc-annotations-1.3.jar;C:\Users\srajput\.m2\repository\com\google\oauth-client\google-oauth-client\1.30.5\google-oauth-client-1.30.5.jar;C:\Users\srajput\.m2\repository\com\google\http-client\google-http-client\1.34.0\google-http-client-1.34.0.jar;C:\Users\srajput\.m2\repository\io\opencensus\opencensus-api\0.24.0\opencensus-api-0.24.0.jar;C:\Users\srajput\.m2\repository\io\grpc\grpc-context\1.22.1\grpc-context-1.22.1.jar;C:\Users\srajput\.m2\repository\io\opencensus\opencensus-contrib-http-util\0.24.0\opencensus-contrib-http-util-0.24.0.jar;C:\Users\srajput\.m2\repository\com\google\apis\google-api-services-sheets\v4-rev608-1.25.0\google-api-services-sheets-v4-rev608-1.25.0.jar;C:\Users\srajput\.m2\repository\com\google\gdata\core\1.47.1\core-1.47.1.jar;C:\Users\srajput\.m2\repository\com\google\oauth-client\google-oauth-client-jetty\1.11.0-beta\google-oauth-client-jetty-1.11.0-beta.jar;C:\Users\srajput\.m2\repository\com\google\oauth-client\google-oauth-client-java6\1.11.0-beta\google-oauth-client-java6-1.11.0-beta.jar;C:\Users\srajput\.m2\repository\org\mortbay\jetty\jetty\6.1.26\jetty-6.1.26.jar;C:\Users\srajput\.m2\repository\org\mortbay\jetty\jetty-util\6.1.26\jetty-util-6.1.26.jar;C:\Users\srajput\.m2\repository\org\mortbay\jetty\servlet-api\2.5-20081211\servlet-api-2.5-20081211.jar;C:\Users\srajput\.m2\repository\javax\mail\mail\1.4\mail-1.4.jar;C:\Users\srajput\.m2\repository\javax\activation\activation\1.1\activation-1.1.jar;"/>
    <property name="sun.cpu.endian" value="little"/>
    <property name="user.home" value="C:\Users\srajput"/>
    <property name="user.language" value="en"/>
    <property name="java.specification.vendor" value="Oracle Corporation"/>
    <property name="java.version.date" value="2018-07-17"/>
    <property name="suiteFile" value="testng1.xml"/>
    <property name="java.home" value="C:\Program Files\Java\jdk-10.0.2"/>
    <property name="file.separator" value="\"/>
    <property name="basedir" value="C:\Users\srajput\eclipse-workspace\RestAssured_APITesting"/>
    <property name="java.vm.compressedOopsMode" value="Zero based"/>
    <property name="line.separator" value="&#10;"/>
    <property name="java.specification.name" value="Java Platform API Specification"/>
    <property name="java.vm.specification.vendor" value="Oracle Corporation"/>
    <property name="java.awt.graphicsenv" value="sun.awt.Win32GraphicsEnvironment"/>
    <property name="surefire.real.class.path" value="C:\Users\srajput\AppData\Local\Temp\surefire2544503197633347305\surefirebooter12936910361242101294.jar"/>
    <property name="user.script" value=""/>
    <property name="sun.management.compiler" value="HotSpot 64-Bit Tiered Compilers"/>
    <property name="java.runtime.version" value="10.0.2+13"/>
    <property name="user.name" value="srajput"/>
    <property name="path.separator" value=";"/>
    <property name="os.version" value="10.0"/>
    <property name="java.runtime.name" value="Java(TM) SE Runtime Environment"/>
    <property name="file.encoding" value="Cp1252"/>
    <property name="java.vm.name" value="Java HotSpot(TM) 64-Bit Server VM"/>
    <property name="java.vendor.version" value="18.3"/>
    <property name="localRepository" value="C:\Users\srajput\.m2\repository"/>
    <property name="java.vendor.url.bug" value="http://bugreport.java.com/bugreport/"/>
    <property name="java.io.tmpdir" value="C:\Users\srajput\AppData\Local\Temp\"/>
    <property name="java.version" value="10.0.2"/>
    <property name="user.dir" value="C:\Users\srajput\eclipse-workspace\RestAssured_APITesting"/>
    <property name="os.arch" value="amd64"/>
    <property name="java.vm.specification.name" value="Java Virtual Machine Specification"/>
    <property name="java.awt.printerjob" value="sun.awt.windows.WPrinterJob"/>
    <property name="sun.os.patch.level" value=""/>
    <property name="java.library.path" value="C:\Program Files\Java\jdk-10.0.2\bin;C:\windows\Sun\Java\bin;C:\windows\system32;C:\windows;C:\Program Files (x86)\Common Files\Oracle\Java\javapath;C:\windows\system32;C:\windows;C:\windows\System32\Wbem;C:\windows\System32\WindowsPowerShell\v1.0\;C:\windows\System32\OpenSSH\;C:\Program Files\dotnet\;C:\Program Files\Docker\Docker\resources\bin;C:\ProgramData\DockerDesktop\version-bin;C:\Users\srajput\AppData\Local\Microsoft\WindowsApps;;C:\Users\srajput\AppData\Local\Programs\Microsoft VS Code\bin;."/>
    <property name="java.vendor" value="Oracle Corporation"/>
    <property name="java.vm.info" value="mixed mode"/>
    <property name="java.vm.version" value="10.0.2+13"/>
    <property name="sun.io.unicode.encoding" value="UnicodeLittle"/>
    <property name="java.class.version" value="54.0"/>
  </properties>
  <testcase name="ForgotPassword" classname="test_scripts.ForgotPassword_API" time="3.86"/>
</testsuite>