<?xml version="1.0" encoding="UTF-8"?>
<!-- Generated by org.testng.reporters.JUnitReportReporter -->
<testsuite hostname="DML-05845" failures="0" tests="1" name="test_scripts.ForgotPassword_API" time="3.503" errors="0" timestamp="2020-03-03T14:49:53 IST" skipped="0">
  <testcase classname="test_scripts.ForgotPassword_API" name="SignIn" time="3.503"/>
  <system-out/>
</testsuite> <!-- test_scripts.ForgotPassword_API -->
