<?xml version="1.0" encoding="UTF-8"?>
<!-- Generated by org.testng.reporters.JUnitReportReporter -->
<testsuite hostname="DML-05845" failures="0" tests="1" name="test_scripts.ForgotPassword_API" time="3.756" errors="0" timestamp="2020-03-06T16:08:07 IST" skipped="0">
  <testcase classname="test_scripts.ForgotPassword_API" name="SignIn" time="3.756"/>
  <system-out>
Test Method resides in test_scripts.ForgotPassword_API Test Status: Pass  </system-out>
</testsuite> <!-- test_scripts.ForgotPassword_API -->
